<?xml version="1.0" encoding="UTF-8"?>
<!-- Generated by org.testng.reporters.JUnitReportReporter -->
<testsuite skipped="0" hostname="StolzParents-PC" name="test2.Logintwo" tests="1" failures="0" timestamp="18 Dec 2020 18:44:06 GMT" time="2.127" errors="0">
  <testcase name="test_Home_Page_Appear_Correct" time="2.127" classname="test2.Logintwo"/>
</testsuite> <!-- test2.Logintwo -->
